Flow report for hdmi
Sun Jul 17 09:48:58 2022
Quartus Prime Version 18.1.0 Build 625 09/12/2018 SJ Standard Edition


---------------------
; Table of Contents ;
---------------------
  1. Legal Notice
  2. Flow Summary
  3. Flow Settings
  4. Flow Non-Default Global Settings
  5. Flow Elapsed Time
  6. Flow OS Summary
  7. Flow Log
  8. Flow Messages
  9. Flow Suppressed Messages



----------------
; Legal Notice ;
----------------
Copyright (C) 2018  Intel Corporation. All rights reserved.
Your use of Intel Corporation's design tools, logic functions 
and other software and tools, and its AMPP partner logic 
functions, and any output files from any of the foregoing 
(including device programming or simulation files), and any 
associated documentation or information are expressly subject 
to the terms and conditions of the Intel Program License 
Subscription Agreement, the Intel Quartus Prime License Agreement,
the Intel FPGA IP License Agreement, or other applicable license
agreement, including, without limitation, that your use is for
the sole purpose of programming logic devices manufactured by
Intel and sold by Intel or its authorized distributors.  Please
refer to the applicable agreement for further details.



+-----------------------------------------------------------------------------------+
; Flow Summary                                                                      ;
+---------------------------------+-------------------------------------------------+
; Flow Status                     ; Successful - Sun Jul 17 09:48:58 2022           ;
; Quartus Prime Version           ; 18.1.0 Build 625 09/12/2018 SJ Standard Edition ;
; Revision Name                   ; hdmi                                            ;
; Top-level Entity Name           ; hdmi_test                                       ;
; Family                          ; Cyclone V                                       ;
; Device                          ; 5CSEBA2U19C7                                    ;
; Timing Models                   ; Final                                           ;
; Logic utilization (in ALMs)     ; 123 / 9,430 ( 1 % )                             ;
; Total registers                 ; 146                                             ;
; Total pins                      ; 10 / 205 ( 5 % )                                ;
; Total virtual pins              ; 0                                               ;
; Total block memory bits         ; 0 / 1,433,600 ( 0 % )                           ;
; Total DSP Blocks                ; 0 / 36 ( 0 % )                                  ;
; Total HSSI RX PCSs              ; 0                                               ;
; Total HSSI PMA RX Deserializers ; 0                                               ;
; Total HSSI TX PCSs              ; 0                                               ;
; Total HSSI PMA TX Serializers   ; 0                                               ;
; Total PLLs                      ; 1 / 5 ( 20 % )                                  ;
; Total DLLs                      ; 0 / 4 ( 0 % )                                   ;
+---------------------------------+-------------------------------------------------+


+-----------------------------------------+
; Flow Settings                           ;
+-------------------+---------------------+
; Option            ; Setting             ;
+-------------------+---------------------+
; Start date & time ; 07/17/2022 09:48:23 ;
; Main task         ; Compilation         ;
; Revision Name     ; hdmi                ;
+-------------------+---------------------+


+------------------------------------------------------------------------------------------------------------------------------+
; Flow Non-Default Global Settings                                                                                             ;
+--------------------------------------+----------------------------------------+---------------+-------------+----------------+
; Assignment Name                      ; Value                                  ; Default Value ; Entity Name ; Section Id     ;
+--------------------------------------+----------------------------------------+---------------+-------------+----------------+
; COMPILER_SIGNATURE_ID                ; 49410866263611.165802250210120         ; --            ; --          ; --             ;
; EDA_DESIGN_INSTANCE_NAME             ; NA                                     ; --            ; --          ; tb_hdmi_test   ;
; EDA_NATIVELINK_SIMULATION_TEST_BENCH ; tb_hdmi_test                           ; --            ; --          ; eda_simulation ;
; EDA_OUTPUT_DATA_FORMAT               ; Verilog Hdl                            ; --            ; --          ; eda_simulation ;
; EDA_SIMULATION_RUN_SCRIPT            ; ip/dvi_pll_sim/mentor/msim_setup.tcl   ; --            ; --          ; eda_simulation ;
; EDA_SIMULATION_TOOL                  ; ModelSim-Altera (Verilog)              ; <None>        ; --          ; --             ;
; EDA_TEST_BENCH_ENABLE_STATUS         ; TEST_BENCH_MODE                        ; --            ; --          ; eda_simulation ;
; EDA_TEST_BENCH_FILE                  ; tb_hdmi_test.v                         ; --            ; --          ; tb_hdmi_test   ;
; EDA_TEST_BENCH_FILE                  ; oddr/oddr.v                            ; --            ; --          ; tb_hdmi_test   ;
; EDA_TEST_BENCH_FILE                  ; dvi_pll/dvi_pll.v                      ; --            ; --          ; tb_hdmi_test   ;
; EDA_TEST_BENCH_MODULE_NAME           ; tb_hdmi_test                           ; --            ; --          ; tb_hdmi_test   ;
; EDA_TEST_BENCH_NAME                  ; tb_hdmi_test                           ; --            ; --          ; eda_simulation ;
; EDA_TIME_SCALE                       ; 1 ps                                   ; --            ; --          ; eda_simulation ;
; MAX_CORE_JUNCTION_TEMP               ; 85                                     ; --            ; --          ; --             ;
; MIN_CORE_JUNCTION_TEMP               ; 0                                      ; --            ; --          ; --             ;
; MISC_FILE                            ; oddr/oddr.bsf                          ; --            ; --          ; --             ;
; MISC_FILE                            ; oddr/oddr_inst.v                       ; --            ; --          ; --             ;
; MISC_FILE                            ; oddr/oddr_bb.v                         ; --            ; --          ; --             ;
; MISC_FILE                            ; oddr/oddr.inc                          ; --            ; --          ; --             ;
; MISC_FILE                            ; oddr/oddr.cmp                          ; --            ; --          ; --             ;
; MISC_FILE                            ; oddr/oddr.ppf                          ; --            ; --          ; --             ;
; MISC_FILE                            ; dvi_pll/dvi_pll.cmp                    ; --            ; --          ; --             ;
; MISC_FILE                            ; buff/diffo.bsf                         ; --            ; --          ; --             ;
; MISC_FILE                            ; buff/diffo_inst.v                      ; --            ; --          ; --             ;
; MISC_FILE                            ; buff/diffo_bb.v                        ; --            ; --          ; --             ;
; MISC_FILE                            ; buff/diffo.inc                         ; --            ; --          ; --             ;
; MISC_FILE                            ; buff/diffo.cmp                         ; --            ; --          ; --             ;
; NUM_PARALLEL_PROCESSORS              ; All                                    ; --            ; --          ; --             ;
; PARTITION_COLOR                      ; -- (Not supported for targeted family) ; --            ; hdmi_test   ; Top            ;
; PARTITION_FITTER_PRESERVATION_LEVEL  ; -- (Not supported for targeted family) ; --            ; hdmi_test   ; Top            ;
; PARTITION_NETLIST_TYPE               ; -- (Not supported for targeted family) ; --            ; hdmi_test   ; Top            ;
; POWER_BOARD_THERMAL_MODEL            ; None (CONSERVATIVE)                    ; --            ; --          ; --             ;
; POWER_PRESET_COOLING_SOLUTION        ; 23 MM HEAT SINK WITH 200 LFPM AIRFLOW  ; --            ; --          ; --             ;
; PROJECT_OUTPUT_DIRECTORY             ; output_files                           ; --            ; --          ; --             ;
; SYNTHESIS_ONLY_QIP                   ; On                                     ; --            ; --          ; --             ;
; TOP_LEVEL_ENTITY                     ; hdmi_test                              ; hdmi          ; --          ; --             ;
+--------------------------------------+----------------------------------------+---------------+-------------+----------------+


+--------------------------------------------------------------------------------------------------------------------------+
; Flow Elapsed Time                                                                                                        ;
+----------------------+--------------+-------------------------+---------------------+------------------------------------+
; Module Name          ; Elapsed Time ; Average Processors Used ; Peak Virtual Memory ; Total CPU Time (on all processors) ;
+----------------------+--------------+-------------------------+---------------------+------------------------------------+
; Analysis & Synthesis ; 00:00:08     ; 1.0                     ; 4876 MB             ; 00:00:16                           ;
; Fitter               ; 00:00:20     ; 1.0                     ; 6745 MB             ; 00:00:33                           ;
; Assembler            ; 00:00:03     ; 1.0                     ; 4824 MB             ; 00:00:03                           ;
; Total                ; 00:00:31     ; --                      ; --                  ; 00:00:52                           ;
+----------------------+--------------+-------------------------+---------------------+------------------------------------+


+------------------------------------------------------------------------------------+
; Flow OS Summary                                                                    ;
+----------------------+------------------+------------+------------+----------------+
; Module Name          ; Machine Hostname ; OS Name    ; OS Version ; Processor type ;
+----------------------+------------------+------------+------------+----------------+
; Analysis & Synthesis ; DESKTOP-4UKJC18  ; Windows 10 ; 10.0       ; x86_64         ;
; Fitter               ; DESKTOP-4UKJC18  ; Windows 10 ; 10.0       ; x86_64         ;
; Assembler            ; DESKTOP-4UKJC18  ; Windows 10 ; 10.0       ; x86_64         ;
+----------------------+------------------+------------+------------+----------------+


------------
; Flow Log ;
------------
quartus_map --read_settings_files=on --write_settings_files=off hdmi -c hdmi
quartus_fit --read_settings_files=off --write_settings_files=off hdmi -c hdmi
quartus_asm --read_settings_files=on --write_settings_files=off hdmi -c hdmi



