Analysis & Synthesis report for hdmi
Sun Jul 17 09:48:30 2022
Quartus Prime Version 18.1.0 Build 625 09/12/2018 SJ Standard Edition


---------------------
; Table of Contents ;
---------------------
  1. Legal Notice
  2. Analysis & Synthesis Summary
  3. Analysis & Synthesis Settings
  4. Parallel Compilation
  5. Analysis & Synthesis Source Files Read
  6. Analysis & Synthesis Resource Usage Summary
  7. Analysis & Synthesis Resource Utilization by Entity
  8. Analysis & Synthesis IP Cores Summary
  9. Registers Removed During Synthesis
 10. Removed Registers Triggering Further Register Optimizations
 11. General Register Statistics
 12. Multiplexer Restructuring Statistics (Restructuring Performed)
 13. Parameter Settings for User Entity Instance: dvi_pll:dvi_pll_inst0|dvi_pll_0002:dvi_pll_inst|altera_pll:altera_pll_i
 14. Parameter Settings for User Entity Instance: test_pattern_gen:test_gen0
 15. Parameter Settings for User Entity Instance: test_pattern_gen:test_gen0|video_timing_ctrl:video_timing_ctrl_inst0
 16. Port Connectivity Checks: "test_pattern_gen:test_gen0|video_timing_ctrl:video_timing_ctrl_inst0"
 17. Port Connectivity Checks: "test_pattern_gen:test_gen0"
 18. Port Connectivity Checks: "dvi_tx_top:dvi_tx_top_inst0|oserdese_hc:dvi_if_clk"
 19. Port Connectivity Checks: "dvi_tx_top:dvi_tx_top_inst0|dvi_tx_tmds_enc:gen_buff[2].dvi_tx_tmds_enc_inst"
 20. Port Connectivity Checks: "dvi_tx_top:dvi_tx_top_inst0|dvi_tx_tmds_enc:gen_buff[1].dvi_tx_tmds_enc_inst"
 21. Post-Synthesis Netlist Statistics for Top Partition
 22. Elapsed Time Per Partition
 23. Analysis & Synthesis Messages



----------------
; Legal Notice ;
----------------
Copyright (C) 2018  Intel Corporation. All rights reserved.
Your use of Intel Corporation's design tools, logic functions 
and other software and tools, and its AMPP partner logic 
functions, and any output files from any of the foregoing 
(including device programming or simulation files), and any 
associated documentation or information are expressly subject 
to the terms and conditions of the Intel Program License 
Subscription Agreement, the Intel Quartus Prime License Agreement,
the Intel FPGA IP License Agreement, or other applicable license
agreement, including, without limitation, that your use is for
the sole purpose of programming logic devices manufactured by
Intel and sold by Intel or its authorized distributors.  Please
refer to the applicable agreement for further details.



+-----------------------------------------------------------------------------------+
; Analysis & Synthesis Summary                                                      ;
+---------------------------------+-------------------------------------------------+
; Analysis & Synthesis Status     ; Successful - Sun Jul 17 09:48:30 2022           ;
; Quartus Prime Version           ; 18.1.0 Build 625 09/12/2018 SJ Standard Edition ;
; Revision Name                   ; hdmi                                            ;
; Top-level Entity Name           ; hdmi_test                                       ;
; Family                          ; Cyclone V                                       ;
; Logic utilization (in ALMs)     ; N/A                                             ;
; Total registers                 ; 130                                             ;
; Total pins                      ; 10                                              ;
; Total virtual pins              ; 0                                               ;
; Total block memory bits         ; 0                                               ;
; Total DSP Blocks                ; 0                                               ;
; Total HSSI RX PCSs              ; 0                                               ;
; Total HSSI PMA RX Deserializers ; 0                                               ;
; Total HSSI TX PCSs              ; 0                                               ;
; Total HSSI PMA TX Serializers   ; 0                                               ;
; Total PLLs                      ; 1                                               ;
; Total DLLs                      ; 0                                               ;
+---------------------------------+-------------------------------------------------+


+---------------------------------------------------------------------------------------------------------------------------+
; Analysis & Synthesis Settings                                                                                             ;
+---------------------------------------------------------------------------------+--------------------+--------------------+
; Option                                                                          ; Setting            ; Default Value      ;
+---------------------------------------------------------------------------------+--------------------+--------------------+
; Device                                                                          ; 5CSEBA2U19C7       ;                    ;
; Top-level entity name                                                           ; hdmi_test          ; hdmi               ;
; Family name                                                                     ; Cyclone V          ; Cyclone V          ;
; Maximum processors allowed for parallel compilation                             ; All                ;                    ;
; Use smart compilation                                                           ; Off                ; Off                ;
; Enable parallel Assembler and Timing Analyzer during compilation                ; On                 ; On                 ;
; Enable compact report table                                                     ; Off                ; Off                ;
; Restructure Multiplexers                                                        ; Auto               ; Auto               ;
; MLAB Add Timing Constraints For Mixed-Port Feed-Through Mode Setting Don't Care ; Off                ; Off                ;
; Create Debugging Nodes for IP Cores                                             ; Off                ; Off                ;
; Preserve fewer node names                                                       ; On                 ; On                 ;
; Intel FPGA IP Evaluation Mode                                                   ; Enable             ; Enable             ;
; Verilog Version                                                                 ; Verilog_2001       ; Verilog_2001       ;
; VHDL Version                                                                    ; VHDL_1993          ; VHDL_1993          ;
; State Machine Processing                                                        ; Auto               ; Auto               ;
; Safe State Machine                                                              ; Off                ; Off                ;
; Extract Verilog State Machines                                                  ; On                 ; On                 ;
; Extract VHDL State Machines                                                     ; On                 ; On                 ;
; Ignore Verilog initial constructs                                               ; Off                ; Off                ;
; Iteration limit for constant Verilog loops                                      ; 5000               ; 5000               ;
; Iteration limit for non-constant Verilog loops                                  ; 250                ; 250                ;
; Add Pass-Through Logic to Inferred RAMs                                         ; On                 ; On                 ;
; Infer RAMs from Raw Logic                                                       ; On                 ; On                 ;
; Parallel Synthesis                                                              ; On                 ; On                 ;
; DSP Block Balancing                                                             ; Auto               ; Auto               ;
; NOT Gate Push-Back                                                              ; On                 ; On                 ;
; Power-Up Don't Care                                                             ; On                 ; On                 ;
; Remove Redundant Logic Cells                                                    ; Off                ; Off                ;
; Remove Duplicate Registers                                                      ; On                 ; On                 ;
; Ignore CARRY Buffers                                                            ; Off                ; Off                ;
; Ignore CASCADE Buffers                                                          ; Off                ; Off                ;
; Ignore GLOBAL Buffers                                                           ; Off                ; Off                ;
; Ignore ROW GLOBAL Buffers                                                       ; Off                ; Off                ;
; Ignore LCELL Buffers                                                            ; Off                ; Off                ;
; Ignore SOFT Buffers                                                             ; On                 ; On                 ;
; Limit AHDL Integers to 32 Bits                                                  ; Off                ; Off                ;
; Optimization Technique                                                          ; Balanced           ; Balanced           ;
; Carry Chain Length                                                              ; 70                 ; 70                 ;
; Auto Carry Chains                                                               ; On                 ; On                 ;
; Auto Open-Drain Pins                                                            ; On                 ; On                 ;
; Perform WYSIWYG Primitive Resynthesis                                           ; Off                ; Off                ;
; Auto ROM Replacement                                                            ; On                 ; On                 ;
; Auto RAM Replacement                                                            ; On                 ; On                 ;
; Auto DSP Block Replacement                                                      ; On                 ; On                 ;
; Auto Shift Register Replacement                                                 ; Auto               ; Auto               ;
; Allow Shift Register Merging across Hierarchies                                 ; Auto               ; Auto               ;
; Auto Clock Enable Replacement                                                   ; On                 ; On                 ;
; Strict RAM Replacement                                                          ; Off                ; Off                ;
; Allow Synchronous Control Signals                                               ; On                 ; On                 ;
; Force Use of Synchronous Clear Signals                                          ; Off                ; Off                ;
; Auto Resource Sharing                                                           ; Off                ; Off                ;
; Allow Any RAM Size For Recognition                                              ; Off                ; Off                ;
; Allow Any ROM Size For Recognition                                              ; Off                ; Off                ;
; Allow Any Shift Register Size For Recognition                                   ; Off                ; Off                ;
; Use LogicLock Constraints during Resource Balancing                             ; On                 ; On                 ;
; Ignore translate_off and synthesis_off directives                               ; Off                ; Off                ;
; Timing-Driven Synthesis                                                         ; On                 ; On                 ;
; Report Parameter Settings                                                       ; On                 ; On                 ;
; Report Source Assignments                                                       ; On                 ; On                 ;
; Report Connectivity Checks                                                      ; On                 ; On                 ;
; Ignore Maximum Fan-Out Assignments                                              ; Off                ; Off                ;
; Synchronization Register Chain Length                                           ; 3                  ; 3                  ;
; Power Optimization During Synthesis                                             ; Normal compilation ; Normal compilation ;
; HDL message level                                                               ; Level2             ; Level2             ;
; Suppress Register Optimization Related Messages                                 ; Off                ; Off                ;
; Number of Removed Registers Reported in Synthesis Report                        ; 5000               ; 5000               ;
; Number of Swept Nodes Reported in Synthesis Report                              ; 5000               ; 5000               ;
; Number of Inverted Registers Reported in Synthesis Report                       ; 100                ; 100                ;
; Clock MUX Protection                                                            ; On                 ; On                 ;
; Auto Gated Clock Conversion                                                     ; Off                ; Off                ;
; Block Design Naming                                                             ; Auto               ; Auto               ;
; SDC constraint protection                                                       ; Off                ; Off                ;
; Synthesis Effort                                                                ; Auto               ; Auto               ;
; Shift Register Replacement - Allow Asynchronous Clear Signal                    ; On                 ; On                 ;
; Pre-Mapping Resynthesis Optimization                                            ; Off                ; Off                ;
; Analysis & Synthesis Message Level                                              ; Medium             ; Medium             ;
; Disable Register Merging Across Hierarchies                                     ; Auto               ; Auto               ;
; Resource Aware Inference For Block RAM                                          ; On                 ; On                 ;
; Automatic Parallel Synthesis                                                    ; On                 ; On                 ;
; Partial Reconfiguration Bitstream ID                                            ; Off                ; Off                ;
+---------------------------------------------------------------------------------+--------------------+--------------------+


+------------------------------------------+
; Parallel Compilation                     ;
+----------------------------+-------------+
; Processors                 ; Number      ;
+----------------------------+-------------+
; Number detected on machine ; 8           ;
; Maximum allowed            ; 8           ;
;                            ;             ;
; Average used               ; 1.00        ;
; Maximum used               ; 8           ;
;                            ;             ;
; Usage by Processor         ; % Time Used ;
;     Processor 1            ; 100.0%      ;
;     Processor 2            ;   0.0%      ;
;     Processors 3-8         ;   0.0%      ;
+----------------------------+-------------+


+--------------------------------------------------------------------------------------------------------------------------------------------------------------+
; Analysis & Synthesis Source Files Read                                                                                                                       ;
+----------------------------------+-----------------+-----------------------------+-----------------------------------------------------------------+---------+
; File Name with User-Entered Path ; Used in Netlist ; File Type                   ; File Name with Absolute Path                                    ; Library ;
+----------------------------------+-----------------+-----------------------------+-----------------------------------------------------------------+---------+
; oserdese_hc.v                    ; yes             ; User Verilog HDL File       ; C:/Users/briansuneZ/Desktop/hdmi/oserdese_hc.v                  ;         ;
; hdmi_test.v                      ; yes             ; User Verilog HDL File       ; C:/Users/briansuneZ/Desktop/hdmi/hdmi_test.v                    ;         ;
; dvi-tx/dvi_tx_top.v              ; yes             ; User Verilog HDL File       ; C:/Users/briansuneZ/Desktop/hdmi/dvi-tx/dvi_tx_top.v            ;         ;
; dvi-tx/dvi_tx_tmds_enc.v         ; yes             ; User Verilog HDL File       ; C:/Users/briansuneZ/Desktop/hdmi/dvi-tx/dvi_tx_tmds_enc.v       ;         ;
; video-misc/video_timing_ctrl.v   ; yes             ; User Verilog HDL File       ; C:/Users/briansuneZ/Desktop/hdmi/video-misc/video_timing_ctrl.v ;         ;
; video-misc/test_pattern_gen.v    ; yes             ; User Verilog HDL File       ; C:/Users/briansuneZ/Desktop/hdmi/video-misc/test_pattern_gen.v  ;         ;
; oddr/oddr.v                      ; yes             ; User Wizard-Generated File  ; C:/Users/briansuneZ/Desktop/hdmi/oddr/oddr.v                    ;         ;
; dvi_pll/dvi_pll.v                ; yes             ; User Wizard-Generated File  ; C:/Users/briansuneZ/Desktop/hdmi/dvi_pll/dvi_pll.v              ; dvi_pll ;
; dvi_pll/dvi_pll/dvi_pll_0002.v   ; yes             ; User Verilog HDL File       ; C:/Users/briansuneZ/Desktop/hdmi/dvi_pll/dvi_pll/dvi_pll_0002.v ; dvi_pll ;
; altera_pll.v                     ; yes             ; Megafunction                ; h:/intelfpga/18.1/quartus/libraries/megafunctions/altera_pll.v  ;         ;
+----------------------------------+-----------------+-----------------------------+-----------------------------------------------------------------+---------+


+--------------------------------------------------------------------------------------------------------------------------------------+
; Analysis & Synthesis Resource Usage Summary                                                                                          ;
+---------------------------------------------+----------------------------------------------------------------------------------------+
; Resource                                    ; Usage                                                                                  ;
+---------------------------------------------+----------------------------------------------------------------------------------------+
; Estimate of Logic utilization (ALMs needed) ; 122                                                                                    ;
;                                             ;                                                                                        ;
; Combinational ALUT usage for logic          ; 201                                                                                    ;
;     -- 7 input functions                    ; 0                                                                                      ;
;     -- 6 input functions                    ; 18                                                                                     ;
;     -- 5 input functions                    ; 42                                                                                     ;
;     -- 4 input functions                    ; 43                                                                                     ;
;     -- <=3 input functions                  ; 98                                                                                     ;
;                                             ;                                                                                        ;
; Dedicated logic registers                   ; 130                                                                                    ;
;                                             ;                                                                                        ;
; I/O pins                                    ; 10                                                                                     ;
;                                             ;                                                                                        ;
; Total DSP Blocks                            ; 0                                                                                      ;
;                                             ;                                                                                        ;
; Total PLLs                                  ; 2                                                                                      ;
;     -- PLLs                                 ; 2                                                                                      ;
;                                             ;                                                                                        ;
; Maximum fan-out node                        ; dvi_pll:dvi_pll_inst0|dvi_pll_0002:dvi_pll_inst|altera_pll:altera_pll_i|outclk_wire[0] ;
; Maximum fan-out                             ; 132                                                                                    ;
; Total fan-out                               ; 1232                                                                                   ;
; Average fan-out                             ; 3.53                                                                                   ;
+---------------------------------------------+----------------------------------------------------------------------------------------+


+------------------------------------------------------------------------------------------------------------------------------------------------------------------------------------------------------------------------------------------------------------------------------------------------+
; Analysis & Synthesis Resource Utilization by Entity                                                                                                                                                                                                                                            ;
+----------------------------------------------------------+---------------------+---------------------------+-------------------+------------+------+--------------+-----------------------------------------------------------------------------------------+-------------------+--------------+
; Compilation Hierarchy Node                               ; Combinational ALUTs ; Dedicated Logic Registers ; Block Memory Bits ; DSP Blocks ; Pins ; Virtual Pins ; Full Hierarchy Name                                                                     ; Entity Name       ; Library Name ;
+----------------------------------------------------------+---------------------+---------------------------+-------------------+------------+------+--------------+-----------------------------------------------------------------------------------------+-------------------+--------------+
; |hdmi_test                                               ; 201 (0)             ; 130 (0)                   ; 0                 ; 0          ; 10   ; 0            ; |hdmi_test                                                                              ; hdmi_test         ; work         ;
;    |dvi_pll:dvi_pll_inst0|                               ; 0 (0)               ; 0 (0)                     ; 0                 ; 0          ; 0    ; 0            ; |hdmi_test|dvi_pll:dvi_pll_inst0                                                        ; dvi_pll           ; dvi_pll      ;
;       |dvi_pll_0002:dvi_pll_inst|                        ; 0 (0)               ; 0 (0)                     ; 0                 ; 0          ; 0    ; 0            ; |hdmi_test|dvi_pll:dvi_pll_inst0|dvi_pll_0002:dvi_pll_inst                              ; dvi_pll_0002      ; dvi_pll      ;
;          |altera_pll:altera_pll_i|                       ; 0 (0)               ; 0 (0)                     ; 0                 ; 0          ; 0    ; 0            ; |hdmi_test|dvi_pll:dvi_pll_inst0|dvi_pll_0002:dvi_pll_inst|altera_pll:altera_pll_i      ; altera_pll        ; work         ;
;    |dvi_tx_top:dvi_tx_top_inst0|                         ; 142 (0)             ; 102 (0)                   ; 0                 ; 0          ; 0    ; 0            ; |hdmi_test|dvi_tx_top:dvi_tx_top_inst0                                                  ; dvi_tx_top        ; work         ;
;       |dvi_tx_tmds_enc:gen_buff[0].dvi_tx_tmds_enc_inst| ; 38 (38)             ; 19 (19)                   ; 0                 ; 0          ; 0    ; 0            ; |hdmi_test|dvi_tx_top:dvi_tx_top_inst0|dvi_tx_tmds_enc:gen_buff[0].dvi_tx_tmds_enc_inst ; dvi_tx_tmds_enc   ; work         ;
;       |dvi_tx_tmds_enc:gen_buff[1].dvi_tx_tmds_enc_inst| ; 39 (39)             ; 17 (17)                   ; 0                 ; 0          ; 0    ; 0            ; |hdmi_test|dvi_tx_top:dvi_tx_top_inst0|dvi_tx_tmds_enc:gen_buff[1].dvi_tx_tmds_enc_inst ; dvi_tx_tmds_enc   ; work         ;
;       |dvi_tx_tmds_enc:gen_buff[2].dvi_tx_tmds_enc_inst| ; 39 (39)             ; 18 (18)                   ; 0                 ; 0          ; 0    ; 0            ; |hdmi_test|dvi_tx_top:dvi_tx_top_inst0|dvi_tx_tmds_enc:gen_buff[2].dvi_tx_tmds_enc_inst ; dvi_tx_tmds_enc   ; work         ;
;       |oserdese_hc:dvi_if_clk|                           ; 11 (11)             ; 12 (12)                   ; 0                 ; 0          ; 0    ; 0            ; |hdmi_test|dvi_tx_top:dvi_tx_top_inst0|oserdese_hc:dvi_if_clk                           ; oserdese_hc       ; work         ;
;       |oserdese_hc:gen_buff[0].dvi_if0|                  ; 5 (5)               ; 12 (12)                   ; 0                 ; 0          ; 0    ; 0            ; |hdmi_test|dvi_tx_top:dvi_tx_top_inst0|oserdese_hc:gen_buff[0].dvi_if0                  ; oserdese_hc       ; work         ;
;       |oserdese_hc:gen_buff[1].dvi_if0|                  ; 5 (5)               ; 12 (12)                   ; 0                 ; 0          ; 0    ; 0            ; |hdmi_test|dvi_tx_top:dvi_tx_top_inst0|oserdese_hc:gen_buff[1].dvi_if0                  ; oserdese_hc       ; work         ;
;       |oserdese_hc:gen_buff[2].dvi_if0|                  ; 5 (5)               ; 12 (12)                   ; 0                 ; 0          ; 0    ; 0            ; |hdmi_test|dvi_tx_top:dvi_tx_top_inst0|oserdese_hc:gen_buff[2].dvi_if0                  ; oserdese_hc       ; work         ;
;    |test_pattern_gen:test_gen0|                          ; 59 (6)              ; 28 (0)                    ; 0                 ; 0          ; 0    ; 0            ; |hdmi_test|test_pattern_gen:test_gen0                                                   ; test_pattern_gen  ; work         ;
;       |video_timing_ctrl:video_timing_ctrl_inst0|        ; 53 (53)             ; 28 (28)                   ; 0                 ; 0          ; 0    ; 0            ; |hdmi_test|test_pattern_gen:test_gen0|video_timing_ctrl:video_timing_ctrl_inst0         ; video_timing_ctrl ; work         ;
+----------------------------------------------------------+---------------------+---------------------------+-------------------+------------+------+--------------+-----------------------------------------------------------------------------------------+-------------------+--------------+
Note: For table entries with two numbers listed, the numbers in parentheses indicate the number of resources of the given type used by the specific entity alone. The numbers listed outside of parentheses indicate the total resources of the given type used by the specific entity and all of its sub-entities in the hierarchy.


+----------------------------------------------------------------------------------------------------------------------+
; Analysis & Synthesis IP Cores Summary                                                                                ;
+--------+--------------+---------+--------------+--------------+----------------------------------+-------------------+
; Vendor ; IP Core Name ; Version ; Release Date ; License Type ; Entity Instance                  ; IP Include File   ;
+--------+--------------+---------+--------------+--------------+----------------------------------+-------------------+
; Altera ; altera_pll   ; 18.1    ; N/A          ; N/A          ; |hdmi_test|dvi_pll:dvi_pll_inst0 ; dvi_pll/dvi_pll.v ;
+--------+--------------+---------+--------------+--------------+----------------------------------+-------------------+


+-----------------------------------------------------------------------------------------------------------------------------------------------------------------------------------------------------+
; Registers Removed During Synthesis                                                                                                                                                                  ;
+----------------------------------------------------------------------------------------------+------------------------------------------------------------------------------------------------------+
; Register name                                                                                ; Reason for Removal                                                                                   ;
+----------------------------------------------------------------------------------------------+------------------------------------------------------------------------------------------------------+
; test_pattern_gen:test_gen0|video_timing_ctrl:video_timing_ctrl_inst0|ext_sync_curr           ; Stuck at GND due to stuck port data_in                                                               ;
; test_pattern_gen:test_gen0|video_timing_ctrl:video_timing_ctrl_inst0|ext_sync_last           ; Stuck at GND due to stuck port data_in                                                               ;
; dvi_tx_top:dvi_tx_top_inst0|oserdese_hc:dvi_if_clk|data_rise_s[4]                            ; Stuck at GND due to stuck port data_in                                                               ;
; dvi_tx_top:dvi_tx_top_inst0|oserdese_hc:dvi_if_clk|data_fall_s[4]                            ; Stuck at GND due to stuck port data_in                                                               ;
; dvi_tx_top:dvi_tx_top_inst0|dvi_tx_tmds_enc:gen_buff[2].dvi_tx_tmds_enc_inst|ctrl_reg[0,1]   ; Stuck at GND due to stuck port data_in                                                               ;
; dvi_tx_top:dvi_tx_top_inst0|dvi_tx_tmds_enc:gen_buff[2].dvi_tx_tmds_enc_inst|cnt_q[0]        ; Stuck at GND due to stuck port data_in                                                               ;
; dvi_tx_top:dvi_tx_top_inst0|dvi_tx_tmds_enc:gen_buff[1].dvi_tx_tmds_enc_inst|ctrl_reg[0,1]   ; Stuck at GND due to stuck port data_in                                                               ;
; dvi_tx_top:dvi_tx_top_inst0|dvi_tx_tmds_enc:gen_buff[1].dvi_tx_tmds_enc_inst|cnt_q[0]        ; Stuck at GND due to stuck port data_in                                                               ;
; dvi_tx_top:dvi_tx_top_inst0|dvi_tx_tmds_enc:gen_buff[0].dvi_tx_tmds_enc_inst|cnt_q[0]        ; Stuck at GND due to stuck port data_in                                                               ;
; dvi_tx_top:dvi_tx_top_inst0|oserdese_hc:dvi_if_clk|data_fall_s[3]                            ; Stuck at GND due to stuck port data_in                                                               ;
; dvi_tx_top:dvi_tx_top_inst0|dvi_tx_tmds_enc:gen_buff[0].dvi_tx_tmds_enc_inst|den_reg         ; Merged with dvi_tx_top:dvi_tx_top_inst0|dvi_tx_tmds_enc:gen_buff[2].dvi_tx_tmds_enc_inst|den_reg     ;
; dvi_tx_top:dvi_tx_top_inst0|dvi_tx_tmds_enc:gen_buff[1].dvi_tx_tmds_enc_inst|den_reg         ; Merged with dvi_tx_top:dvi_tx_top_inst0|dvi_tx_tmds_enc:gen_buff[2].dvi_tx_tmds_enc_inst|den_reg     ;
; dvi_tx_top:dvi_tx_top_inst0|oserdese_hc:gen_buff[0].dvi_if0|cnt[2]                           ; Merged with dvi_tx_top:dvi_tx_top_inst0|oserdese_hc:dvi_if_clk|cnt[2]                                ;
; dvi_tx_top:dvi_tx_top_inst0|oserdese_hc:gen_buff[1].dvi_if0|cnt[2]                           ; Merged with dvi_tx_top:dvi_tx_top_inst0|oserdese_hc:dvi_if_clk|cnt[2]                                ;
; dvi_tx_top:dvi_tx_top_inst0|oserdese_hc:gen_buff[2].dvi_if0|cnt[2]                           ; Merged with dvi_tx_top:dvi_tx_top_inst0|oserdese_hc:dvi_if_clk|cnt[2]                                ;
; dvi_tx_top:dvi_tx_top_inst0|oserdese_hc:gen_buff[0].dvi_if0|cnt[1]                           ; Merged with dvi_tx_top:dvi_tx_top_inst0|oserdese_hc:dvi_if_clk|cnt[1]                                ;
; dvi_tx_top:dvi_tx_top_inst0|oserdese_hc:gen_buff[1].dvi_if0|cnt[1]                           ; Merged with dvi_tx_top:dvi_tx_top_inst0|oserdese_hc:dvi_if_clk|cnt[1]                                ;
; dvi_tx_top:dvi_tx_top_inst0|oserdese_hc:gen_buff[2].dvi_if0|cnt[1]                           ; Merged with dvi_tx_top:dvi_tx_top_inst0|oserdese_hc:dvi_if_clk|cnt[1]                                ;
; dvi_tx_top:dvi_tx_top_inst0|oserdese_hc:gen_buff[0].dvi_if0|cnt[0]                           ; Merged with dvi_tx_top:dvi_tx_top_inst0|oserdese_hc:dvi_if_clk|cnt[0]                                ;
; dvi_tx_top:dvi_tx_top_inst0|oserdese_hc:gen_buff[1].dvi_if0|cnt[0]                           ; Merged with dvi_tx_top:dvi_tx_top_inst0|oserdese_hc:dvi_if_clk|cnt[0]                                ;
; dvi_tx_top:dvi_tx_top_inst0|oserdese_hc:gen_buff[2].dvi_if0|cnt[0]                           ; Merged with dvi_tx_top:dvi_tx_top_inst0|oserdese_hc:dvi_if_clk|cnt[0]                                ;
; dvi_tx_top:dvi_tx_top_inst0|dvi_tx_tmds_enc:gen_buff[0].dvi_tx_tmds_enc_inst|data_reg[2,4,6] ; Merged with dvi_tx_top:dvi_tx_top_inst0|dvi_tx_tmds_enc:gen_buff[0].dvi_tx_tmds_enc_inst|data_reg[0] ;
; dvi_tx_top:dvi_tx_top_inst0|dvi_tx_tmds_enc:gen_buff[0].dvi_tx_tmds_enc_inst|data_reg[1,3,7] ; Merged with dvi_tx_top:dvi_tx_top_inst0|dvi_tx_tmds_enc:gen_buff[0].dvi_tx_tmds_enc_inst|data_reg[5] ;
; dvi_tx_top:dvi_tx_top_inst0|dvi_tx_tmds_enc:gen_buff[1].dvi_tx_tmds_enc_inst|data_reg[2,4,6] ; Merged with dvi_tx_top:dvi_tx_top_inst0|dvi_tx_tmds_enc:gen_buff[1].dvi_tx_tmds_enc_inst|data_reg[0] ;
; dvi_tx_top:dvi_tx_top_inst0|dvi_tx_tmds_enc:gen_buff[1].dvi_tx_tmds_enc_inst|data_reg[1,3,7] ; Merged with dvi_tx_top:dvi_tx_top_inst0|dvi_tx_tmds_enc:gen_buff[1].dvi_tx_tmds_enc_inst|data_reg[5] ;
; dvi_tx_top:dvi_tx_top_inst0|dvi_tx_tmds_enc:gen_buff[2].dvi_tx_tmds_enc_inst|data_reg[2,4,6] ; Merged with dvi_tx_top:dvi_tx_top_inst0|dvi_tx_tmds_enc:gen_buff[2].dvi_tx_tmds_enc_inst|data_reg[0] ;
; dvi_tx_top:dvi_tx_top_inst0|dvi_tx_tmds_enc:gen_buff[2].dvi_tx_tmds_enc_inst|data_reg[1,3,7] ; Merged with dvi_tx_top:dvi_tx_top_inst0|dvi_tx_tmds_enc:gen_buff[2].dvi_tx_tmds_enc_inst|data_reg[5] ;
; dvi_tx_top:dvi_tx_top_inst0|dvi_tx_tmds_enc:gen_buff[0].dvi_tx_tmds_enc_inst|tmds[5]         ; Merged with dvi_tx_top:dvi_tx_top_inst0|dvi_tx_tmds_enc:gen_buff[0].dvi_tx_tmds_enc_inst|tmds[1]     ;
; dvi_tx_top:dvi_tx_top_inst0|dvi_tx_tmds_enc:gen_buff[1].dvi_tx_tmds_enc_inst|tmds[5]         ; Merged with dvi_tx_top:dvi_tx_top_inst0|dvi_tx_tmds_enc:gen_buff[1].dvi_tx_tmds_enc_inst|tmds[1]     ;
; dvi_tx_top:dvi_tx_top_inst0|dvi_tx_tmds_enc:gen_buff[2].dvi_tx_tmds_enc_inst|tmds[5]         ; Merged with dvi_tx_top:dvi_tx_top_inst0|dvi_tx_tmds_enc:gen_buff[2].dvi_tx_tmds_enc_inst|tmds[1]     ;
; dvi_tx_top:dvi_tx_top_inst0|dvi_tx_tmds_enc:gen_buff[0].dvi_tx_tmds_enc_inst|tmds[6]         ; Merged with dvi_tx_top:dvi_tx_top_inst0|dvi_tx_tmds_enc:gen_buff[0].dvi_tx_tmds_enc_inst|tmds[2]     ;
; dvi_tx_top:dvi_tx_top_inst0|dvi_tx_tmds_enc:gen_buff[0].dvi_tx_tmds_enc_inst|tmds[7]         ; Merged with dvi_tx_top:dvi_tx_top_inst0|dvi_tx_tmds_enc:gen_buff[0].dvi_tx_tmds_enc_inst|tmds[3]     ;
; dvi_tx_top:dvi_tx_top_inst0|dvi_tx_tmds_enc:gen_buff[1].dvi_tx_tmds_enc_inst|tmds[6]         ; Merged with dvi_tx_top:dvi_tx_top_inst0|dvi_tx_tmds_enc:gen_buff[1].dvi_tx_tmds_enc_inst|tmds[2]     ;
; dvi_tx_top:dvi_tx_top_inst0|dvi_tx_tmds_enc:gen_buff[1].dvi_tx_tmds_enc_inst|tmds[7]         ; Merged with dvi_tx_top:dvi_tx_top_inst0|dvi_tx_tmds_enc:gen_buff[1].dvi_tx_tmds_enc_inst|tmds[3]     ;
; dvi_tx_top:dvi_tx_top_inst0|dvi_tx_tmds_enc:gen_buff[2].dvi_tx_tmds_enc_inst|tmds[6]         ; Merged with dvi_tx_top:dvi_tx_top_inst0|dvi_tx_tmds_enc:gen_buff[2].dvi_tx_tmds_enc_inst|tmds[2]     ;
; dvi_tx_top:dvi_tx_top_inst0|dvi_tx_tmds_enc:gen_buff[2].dvi_tx_tmds_enc_inst|tmds[7]         ; Merged with dvi_tx_top:dvi_tx_top_inst0|dvi_tx_tmds_enc:gen_buff[2].dvi_tx_tmds_enc_inst|tmds[3]     ;
; Total Number of Removed Registers = 50                                                       ;                                                                                                      ;
+----------------------------------------------------------------------------------------------+------------------------------------------------------------------------------------------------------+


+-------------------------------------------------------------------------------------------------------------------------------------------------------------------+
; Removed Registers Triggering Further Register Optimizations                                                                                                       ;
+-------------------------------------------------------------------+---------------------------+-------------------------------------------------------------------+
; Register name                                                     ; Reason for Removal        ; Registers Removed due to This Register                            ;
+-------------------------------------------------------------------+---------------------------+-------------------------------------------------------------------+
; dvi_tx_top:dvi_tx_top_inst0|oserdese_hc:dvi_if_clk|data_fall_s[4] ; Stuck at GND              ; dvi_tx_top:dvi_tx_top_inst0|oserdese_hc:dvi_if_clk|data_fall_s[3] ;
;                                                                   ; due to stuck port data_in ;                                                                   ;
+-------------------------------------------------------------------+---------------------------+-------------------------------------------------------------------+


+------------------------------------------------------+
; General Register Statistics                          ;
+----------------------------------------------+-------+
; Statistic                                    ; Value ;
+----------------------------------------------+-------+
; Total registers                              ; 130   ;
; Number of registers using Synchronous Clear  ; 56    ;
; Number of registers using Synchronous Load   ; 25    ;
; Number of registers using Asynchronous Clear ; 82    ;
; Number of registers using Asynchronous Load  ; 0     ;
; Number of registers using Clock Enable       ; 14    ;
; Number of registers using Preset             ; 0     ;
+----------------------------------------------+-------+


+---------------------------------------------------------------------------------------------------------------------------------------------------------------------------------------------------------------+
; Multiplexer Restructuring Statistics (Restructuring Performed)                                                                                                                                                ;
+--------------------+-----------+---------------+----------------------+------------------------+------------+-------------------------------------------------------------------------------------------------+
; Multiplexer Inputs ; Bus Width ; Baseline Area ; Area if Restructured ; Saving if Restructured ; Registered ; Example Multiplexer Output                                                                      ;
+--------------------+-----------+---------------+----------------------+------------------------+------------+-------------------------------------------------------------------------------------------------+
; 4:1                ; 7 bits    ; 14 LEs        ; 14 LEs               ; 0 LEs                  ; Yes        ; |hdmi_test|dvi_tx_top:dvi_tx_top_inst0|dvi_tx_tmds_enc:gen_buff[0].dvi_tx_tmds_enc_inst|tmds[1] ;
; 4:1                ; 4 bits    ; 8 LEs         ; 8 LEs                ; 0 LEs                  ; Yes        ; |hdmi_test|dvi_tx_top:dvi_tx_top_inst0|dvi_tx_tmds_enc:gen_buff[1].dvi_tx_tmds_enc_inst|tmds[1] ;
; 4:1                ; 3 bits    ; 6 LEs         ; 6 LEs                ; 0 LEs                  ; Yes        ; |hdmi_test|dvi_tx_top:dvi_tx_top_inst0|dvi_tx_tmds_enc:gen_buff[1].dvi_tx_tmds_enc_inst|tmds[4] ;
; 4:1                ; 4 bits    ; 8 LEs         ; 8 LEs                ; 0 LEs                  ; Yes        ; |hdmi_test|dvi_tx_top:dvi_tx_top_inst0|dvi_tx_tmds_enc:gen_buff[2].dvi_tx_tmds_enc_inst|tmds[1] ;
; 4:1                ; 3 bits    ; 6 LEs         ; 6 LEs                ; 0 LEs                  ; Yes        ; |hdmi_test|dvi_tx_top:dvi_tx_top_inst0|dvi_tx_tmds_enc:gen_buff[2].dvi_tx_tmds_enc_inst|tmds[4] ;
; 3:1                ; 8 bits    ; 16 LEs        ; 8 LEs                ; 8 LEs                  ; No         ; |hdmi_test|dvi_tx_top:dvi_tx_top_inst0|dvi_tx_tmds_enc:gen_buff[0].dvi_tx_tmds_enc_inst|Add14   ;
; 3:1                ; 8 bits    ; 16 LEs        ; 8 LEs                ; 8 LEs                  ; No         ; |hdmi_test|dvi_tx_top:dvi_tx_top_inst0|dvi_tx_tmds_enc:gen_buff[1].dvi_tx_tmds_enc_inst|Add14   ;
; 3:1                ; 8 bits    ; 16 LEs        ; 8 LEs                ; 8 LEs                  ; No         ; |hdmi_test|dvi_tx_top:dvi_tx_top_inst0|dvi_tx_tmds_enc:gen_buff[2].dvi_tx_tmds_enc_inst|Add14   ;
; 3:1                ; 8 bits    ; 16 LEs        ; 16 LEs               ; 0 LEs                  ; No         ; |hdmi_test|dvi_tx_top:dvi_tx_top_inst0|dvi_tx_tmds_enc:gen_buff[0].dvi_tx_tmds_enc_inst|Add14   ;
; 3:1                ; 8 bits    ; 16 LEs        ; 16 LEs               ; 0 LEs                  ; No         ; |hdmi_test|dvi_tx_top:dvi_tx_top_inst0|dvi_tx_tmds_enc:gen_buff[1].dvi_tx_tmds_enc_inst|Add14   ;
; 3:1                ; 8 bits    ; 16 LEs        ; 16 LEs               ; 0 LEs                  ; No         ; |hdmi_test|dvi_tx_top:dvi_tx_top_inst0|dvi_tx_tmds_enc:gen_buff[2].dvi_tx_tmds_enc_inst|Add14   ;
+--------------------+-----------+---------------+----------------------+------------------------+------------+-------------------------------------------------------------------------------------------------+


+----------------------------------------------------------------------------------------------------------------------+
; Parameter Settings for User Entity Instance: dvi_pll:dvi_pll_inst0|dvi_pll_0002:dvi_pll_inst|altera_pll:altera_pll_i ;
+--------------------------------------+------------------------+------------------------------------------------------+
; Parameter Name                       ; Value                  ; Type                                                 ;
+--------------------------------------+------------------------+------------------------------------------------------+
; reference_clock_frequency            ; 50.0 MHz               ; String                                               ;
; fractional_vco_multiplier            ; false                  ; String                                               ;
; pll_type                             ; General                ; String                                               ;
; pll_subtype                          ; General                ; String                                               ;
; number_of_clocks                     ; 2                      ; Signed Integer                                       ;
; operation_mode                       ; lvds                   ; String                                               ;
; deserialization_factor               ; 4                      ; Signed Integer                                       ;
; data_rate                            ; 0                      ; Signed Integer                                       ;
; sim_additional_refclk_cycles_to_lock ; 0                      ; Signed Integer                                       ;
; output_clock_frequency0              ; 740.000000 MHz         ; String                                               ;
; phase_shift0                         ; 675 ps                 ; String                                               ;
; duty_cycle0                          ; 50                     ; Signed Integer                                       ;
; output_clock_frequency1              ; 148.000000 MHz         ; String                                               ;
; phase_shift1                         ; 6419 ps                ; String                                               ;
; duty_cycle1                          ; 50                     ; Signed Integer                                       ;
; output_clock_frequency2              ; 0 MHz                  ; String                                               ;
; phase_shift2                         ; 0 ps                   ; String                                               ;
; duty_cycle2                          ; 50                     ; Signed Integer                                       ;
; output_clock_frequency3              ; 0 MHz                  ; String                                               ;
; phase_shift3                         ; 0 ps                   ; String                                               ;
; duty_cycle3                          ; 50                     ; Signed Integer                                       ;
; output_clock_frequency4              ; 0 MHz                  ; String                                               ;
; phase_shift4                         ; 0 ps                   ; String                                               ;
; duty_cycle4                          ; 50                     ; Signed Integer                                       ;
; output_clock_frequency5              ; 0 MHz                  ; String                                               ;
; phase_shift5                         ; 0 ps                   ; String                                               ;
; duty_cycle5                          ; 50                     ; Signed Integer                                       ;
; output_clock_frequency6              ; 0 MHz                  ; String                                               ;
; phase_shift6                         ; 0 ps                   ; String                                               ;
; duty_cycle6                          ; 50                     ; Signed Integer                                       ;
; output_clock_frequency7              ; 0 MHz                  ; String                                               ;
; phase_shift7                         ; 0 ps                   ; String                                               ;
; duty_cycle7                          ; 50                     ; Signed Integer                                       ;
; output_clock_frequency8              ; 0 MHz                  ; String                                               ;
; phase_shift8                         ; 0 ps                   ; String                                               ;
; duty_cycle8                          ; 50                     ; Signed Integer                                       ;
; output_clock_frequency9              ; 0 MHz                  ; String                                               ;
; phase_shift9                         ; 0 ps                   ; String                                               ;
; duty_cycle9                          ; 50                     ; Signed Integer                                       ;
; output_clock_frequency10             ; 0 MHz                  ; String                                               ;
; phase_shift10                        ; 0 ps                   ; String                                               ;
; duty_cycle10                         ; 50                     ; Signed Integer                                       ;
; output_clock_frequency11             ; 0 MHz                  ; String                                               ;
; phase_shift11                        ; 0 ps                   ; String                                               ;
; duty_cycle11                         ; 50                     ; Signed Integer                                       ;
; output_clock_frequency12             ; 0 MHz                  ; String                                               ;
; phase_shift12                        ; 0 ps                   ; String                                               ;
; duty_cycle12                         ; 50                     ; Signed Integer                                       ;
; output_clock_frequency13             ; 0 MHz                  ; String                                               ;
; phase_shift13                        ; 0 ps                   ; String                                               ;
; duty_cycle13                         ; 50                     ; Signed Integer                                       ;
; output_clock_frequency14             ; 0 MHz                  ; String                                               ;
; phase_shift14                        ; 0 ps                   ; String                                               ;
; duty_cycle14                         ; 50                     ; Signed Integer                                       ;
; output_clock_frequency15             ; 0 MHz                  ; String                                               ;
; phase_shift15                        ; 0 ps                   ; String                                               ;
; duty_cycle15                         ; 50                     ; Signed Integer                                       ;
; output_clock_frequency16             ; 0 MHz                  ; String                                               ;
; phase_shift16                        ; 0 ps                   ; String                                               ;
; duty_cycle16                         ; 50                     ; Signed Integer                                       ;
; output_clock_frequency17             ; 0 MHz                  ; String                                               ;
; phase_shift17                        ; 0 ps                   ; String                                               ;
; duty_cycle17                         ; 50                     ; Signed Integer                                       ;
; clock_name_0                         ;                        ; String                                               ;
; clock_name_1                         ;                        ; String                                               ;
; clock_name_2                         ;                        ; String                                               ;
; clock_name_3                         ;                        ; String                                               ;
; clock_name_4                         ;                        ; String                                               ;
; clock_name_5                         ;                        ; String                                               ;
; clock_name_6                         ;                        ; String                                               ;
; clock_name_7                         ;                        ; String                                               ;
; clock_name_8                         ;                        ; String                                               ;
; clock_name_global_0                  ; false                  ; String                                               ;
; clock_name_global_1                  ; false                  ; String                                               ;
; clock_name_global_2                  ; false                  ; String                                               ;
; clock_name_global_3                  ; false                  ; String                                               ;
; clock_name_global_4                  ; false                  ; String                                               ;
; clock_name_global_5                  ; false                  ; String                                               ;
; clock_name_global_6                  ; false                  ; String                                               ;
; clock_name_global_7                  ; false                  ; String                                               ;
; clock_name_global_8                  ; false                  ; String                                               ;
; m_cnt_hi_div                         ; 1                      ; Signed Integer                                       ;
; m_cnt_lo_div                         ; 1                      ; Signed Integer                                       ;
; m_cnt_bypass_en                      ; false                  ; String                                               ;
; m_cnt_odd_div_duty_en                ; false                  ; String                                               ;
; n_cnt_hi_div                         ; 1                      ; Signed Integer                                       ;
; n_cnt_lo_div                         ; 1                      ; Signed Integer                                       ;
; n_cnt_bypass_en                      ; false                  ; String                                               ;
; n_cnt_odd_div_duty_en                ; false                  ; String                                               ;
; c_cnt_hi_div0                        ; 1                      ; Signed Integer                                       ;
; c_cnt_lo_div0                        ; 1                      ; Signed Integer                                       ;
; c_cnt_bypass_en0                     ; false                  ; String                                               ;
; c_cnt_in_src0                        ; ph_mux_clk             ; String                                               ;
; c_cnt_odd_div_duty_en0               ; false                  ; String                                               ;
; c_cnt_prst0                          ; 1                      ; Signed Integer                                       ;
; c_cnt_ph_mux_prst0                   ; 0                      ; Signed Integer                                       ;
; c_cnt_hi_div1                        ; 1                      ; Signed Integer                                       ;
; c_cnt_lo_div1                        ; 1                      ; Signed Integer                                       ;
; c_cnt_bypass_en1                     ; false                  ; String                                               ;
; c_cnt_in_src1                        ; ph_mux_clk             ; String                                               ;
; c_cnt_odd_div_duty_en1               ; false                  ; String                                               ;
; c_cnt_prst1                          ; 1                      ; Signed Integer                                       ;
; c_cnt_ph_mux_prst1                   ; 0                      ; Signed Integer                                       ;
; c_cnt_hi_div2                        ; 1                      ; Signed Integer                                       ;
; c_cnt_lo_div2                        ; 1                      ; Signed Integer                                       ;
; c_cnt_bypass_en2                     ; false                  ; String                                               ;
; c_cnt_in_src2                        ; ph_mux_clk             ; String                                               ;
; c_cnt_odd_div_duty_en2               ; false                  ; String                                               ;
; c_cnt_prst2                          ; 1                      ; Signed Integer                                       ;
; c_cnt_ph_mux_prst2                   ; 0                      ; Signed Integer                                       ;
; c_cnt_hi_div3                        ; 1                      ; Signed Integer                                       ;
; c_cnt_lo_div3                        ; 1                      ; Signed Integer                                       ;
; c_cnt_bypass_en3                     ; false                  ; String                                               ;
; c_cnt_in_src3                        ; ph_mux_clk             ; String                                               ;
; c_cnt_odd_div_duty_en3               ; false                  ; String                                               ;
; c_cnt_prst3                          ; 1                      ; Signed Integer                                       ;
; c_cnt_ph_mux_prst3                   ; 0                      ; Signed Integer                                       ;
; c_cnt_hi_div4                        ; 1                      ; Signed Integer                                       ;
; c_cnt_lo_div4                        ; 1                      ; Signed Integer                                       ;
; c_cnt_bypass_en4                     ; false                  ; String                                               ;
; c_cnt_in_src4                        ; ph_mux_clk             ; String                                               ;
; c_cnt_odd_div_duty_en4               ; false                  ; String                                               ;
; c_cnt_prst4                          ; 1                      ; Signed Integer                                       ;
; c_cnt_ph_mux_prst4                   ; 0                      ; Signed Integer                                       ;
; c_cnt_hi_div5                        ; 1                      ; Signed Integer                                       ;
; c_cnt_lo_div5                        ; 1                      ; Signed Integer                                       ;
; c_cnt_bypass_en5                     ; false                  ; String                                               ;
; c_cnt_in_src5                        ; ph_mux_clk             ; String                                               ;
; c_cnt_odd_div_duty_en5               ; false                  ; String                                               ;
; c_cnt_prst5                          ; 1                      ; Signed Integer                                       ;
; c_cnt_ph_mux_prst5                   ; 0                      ; Signed Integer                                       ;
; c_cnt_hi_div6                        ; 1                      ; Signed Integer                                       ;
; c_cnt_lo_div6                        ; 1                      ; Signed Integer                                       ;
; c_cnt_bypass_en6                     ; false                  ; String                                               ;
; c_cnt_in_src6                        ; ph_mux_clk             ; String                                               ;
; c_cnt_odd_div_duty_en6               ; false                  ; String                                               ;
; c_cnt_prst6                          ; 1                      ; Signed Integer                                       ;
; c_cnt_ph_mux_prst6                   ; 0                      ; Signed Integer                                       ;
; c_cnt_hi_div7                        ; 1                      ; Signed Integer                                       ;
; c_cnt_lo_div7                        ; 1                      ; Signed Integer                                       ;
; c_cnt_bypass_en7                     ; false                  ; String                                               ;
; c_cnt_in_src7                        ; ph_mux_clk             ; String                                               ;
; c_cnt_odd_div_duty_en7               ; false                  ; String                                               ;
; c_cnt_prst7                          ; 1                      ; Signed Integer                                       ;
; c_cnt_ph_mux_prst7                   ; 0                      ; Signed Integer                                       ;
; c_cnt_hi_div8                        ; 1                      ; Signed Integer                                       ;
; c_cnt_lo_div8                        ; 1                      ; Signed Integer                                       ;
; c_cnt_bypass_en8                     ; false                  ; String                                               ;
; c_cnt_in_src8                        ; ph_mux_clk             ; String                                               ;
; c_cnt_odd_div_duty_en8               ; false                  ; String                                               ;
; c_cnt_prst8                          ; 1                      ; Signed Integer                                       ;
; c_cnt_ph_mux_prst8                   ; 0                      ; Signed Integer                                       ;
; c_cnt_hi_div9                        ; 1                      ; Signed Integer                                       ;
; c_cnt_lo_div9                        ; 1                      ; Signed Integer                                       ;
; c_cnt_bypass_en9                     ; false                  ; String                                               ;
; c_cnt_in_src9                        ; ph_mux_clk             ; String                                               ;
; c_cnt_odd_div_duty_en9               ; false                  ; String                                               ;
; c_cnt_prst9                          ; 1                      ; Signed Integer                                       ;
; c_cnt_ph_mux_prst9                   ; 0                      ; Signed Integer                                       ;
; c_cnt_hi_div10                       ; 1                      ; Signed Integer                                       ;
; c_cnt_lo_div10                       ; 1                      ; Signed Integer                                       ;
; c_cnt_bypass_en10                    ; false                  ; String                                               ;
; c_cnt_in_src10                       ; ph_mux_clk             ; String                                               ;
; c_cnt_odd_div_duty_en10              ; false                  ; String                                               ;
; c_cnt_prst10                         ; 1                      ; Signed Integer                                       ;
; c_cnt_ph_mux_prst10                  ; 0                      ; Signed Integer                                       ;
; c_cnt_hi_div11                       ; 1                      ; Signed Integer                                       ;
; c_cnt_lo_div11                       ; 1                      ; Signed Integer                                       ;
; c_cnt_bypass_en11                    ; false                  ; String                                               ;
; c_cnt_in_src11                       ; ph_mux_clk             ; String                                               ;
; c_cnt_odd_div_duty_en11              ; false                  ; String                                               ;
; c_cnt_prst11                         ; 1                      ; Signed Integer                                       ;
; c_cnt_ph_mux_prst11                  ; 0                      ; Signed Integer                                       ;
; c_cnt_hi_div12                       ; 1                      ; Signed Integer                                       ;
; c_cnt_lo_div12                       ; 1                      ; Signed Integer                                       ;
; c_cnt_bypass_en12                    ; false                  ; String                                               ;
; c_cnt_in_src12                       ; ph_mux_clk             ; String                                               ;
; c_cnt_odd_div_duty_en12              ; false                  ; String                                               ;
; c_cnt_prst12                         ; 1                      ; Signed Integer                                       ;
; c_cnt_ph_mux_prst12                  ; 0                      ; Signed Integer                                       ;
; c_cnt_hi_div13                       ; 1                      ; Signed Integer                                       ;
; c_cnt_lo_div13                       ; 1                      ; Signed Integer                                       ;
; c_cnt_bypass_en13                    ; false                  ; String                                               ;
; c_cnt_in_src13                       ; ph_mux_clk             ; String                                               ;
; c_cnt_odd_div_duty_en13              ; false                  ; String                                               ;
; c_cnt_prst13                         ; 1                      ; Signed Integer                                       ;
; c_cnt_ph_mux_prst13                  ; 0                      ; Signed Integer                                       ;
; c_cnt_hi_div14                       ; 1                      ; Signed Integer                                       ;
; c_cnt_lo_div14                       ; 1                      ; Signed Integer                                       ;
; c_cnt_bypass_en14                    ; false                  ; String                                               ;
; c_cnt_in_src14                       ; ph_mux_clk             ; String                                               ;
; c_cnt_odd_div_duty_en14              ; false                  ; String                                               ;
; c_cnt_prst14                         ; 1                      ; Signed Integer                                       ;
; c_cnt_ph_mux_prst14                  ; 0                      ; Signed Integer                                       ;
; c_cnt_hi_div15                       ; 1                      ; Signed Integer                                       ;
; c_cnt_lo_div15                       ; 1                      ; Signed Integer                                       ;
; c_cnt_bypass_en15                    ; false                  ; String                                               ;
; c_cnt_in_src15                       ; ph_mux_clk             ; String                                               ;
; c_cnt_odd_div_duty_en15              ; false                  ; String                                               ;
; c_cnt_prst15                         ; 1                      ; Signed Integer                                       ;
; c_cnt_ph_mux_prst15                  ; 0                      ; Signed Integer                                       ;
; c_cnt_hi_div16                       ; 1                      ; Signed Integer                                       ;
; c_cnt_lo_div16                       ; 1                      ; Signed Integer                                       ;
; c_cnt_bypass_en16                    ; false                  ; String                                               ;
; c_cnt_in_src16                       ; ph_mux_clk             ; String                                               ;
; c_cnt_odd_div_duty_en16              ; false                  ; String                                               ;
; c_cnt_prst16                         ; 1                      ; Signed Integer                                       ;
; c_cnt_ph_mux_prst16                  ; 0                      ; Signed Integer                                       ;
; c_cnt_hi_div17                       ; 1                      ; Signed Integer                                       ;
; c_cnt_lo_div17                       ; 1                      ; Signed Integer                                       ;
; c_cnt_bypass_en17                    ; false                  ; String                                               ;
; c_cnt_in_src17                       ; ph_mux_clk             ; String                                               ;
; c_cnt_odd_div_duty_en17              ; false                  ; String                                               ;
; c_cnt_prst17                         ; 1                      ; Signed Integer                                       ;
; c_cnt_ph_mux_prst17                  ; 0                      ; Signed Integer                                       ;
; pll_vco_div                          ; 1                      ; Signed Integer                                       ;
; pll_slf_rst                          ; false                  ; String                                               ;
; pll_bw_sel                           ; low                    ; String                                               ;
; pll_output_clk_frequency             ; 0 MHz                  ; String                                               ;
; pll_cp_current                       ; 0                      ; Signed Integer                                       ;
; pll_bwctrl                           ; 0                      ; Signed Integer                                       ;
; pll_fractional_division              ; 1                      ; Signed Integer                                       ;
; pll_fractional_cout                  ; 24                     ; Signed Integer                                       ;
; pll_dsm_out_sel                      ; 1st_order              ; String                                               ;
; mimic_fbclk_type                     ; gclk                   ; String                                               ;
; pll_fbclk_mux_1                      ; glb                    ; String                                               ;
; pll_fbclk_mux_2                      ; fb_1                   ; String                                               ;
; pll_m_cnt_in_src                     ; ph_mux_clk             ; String                                               ;
; pll_vcoph_div                        ; 1                      ; Signed Integer                                       ;
; refclk1_frequency                    ; 0 MHz                  ; String                                               ;
; pll_clkin_0_src                      ; clk_0                  ; String                                               ;
; pll_clkin_1_src                      ; clk_0                  ; String                                               ;
; pll_clk_loss_sw_en                   ; false                  ; String                                               ;
; pll_auto_clk_sw_en                   ; false                  ; String                                               ;
; pll_manu_clk_sw_en                   ; false                  ; String                                               ;
; pll_clk_sw_dly                       ; 0                      ; Signed Integer                                       ;
; pll_extclk_0_cnt_src                 ; pll_extclk_cnt_src_vss ; String                                               ;
; pll_extclk_1_cnt_src                 ; pll_extclk_cnt_src_vss ; String                                               ;
+--------------------------------------+------------------------+------------------------------------------------------+
Note: In order to hide this table in the UI and the text report file, please set the "Show Parameter Settings in Synthesis Report" option in "Analysis and Synthesis Settings -> More Settings" to "Off".


+-------------------------------------------------------------------------+
; Parameter Settings for User Entity Instance: test_pattern_gen:test_gen0 ;
+-----------------+-------+-----------------------------------------------+
; Parameter Name  ; Value ; Type                                          ;
+-----------------+-------+-----------------------------------------------+
; video_hlength   ; 2200  ; Signed Integer                                ;
; video_vlength   ; 1125  ; Signed Integer                                ;
; video_hsync_pol ; 1     ; Signed Integer                                ;
; video_hsync_len ; 44    ; Signed Integer                                ;
; video_hbp_len   ; 148   ; Signed Integer                                ;
; video_h_visible ; 1920  ; Signed Integer                                ;
; video_vsync_pol ; 1     ; Signed Integer                                ;
; video_vsync_len ; 5     ; Signed Integer                                ;
; video_vbp_len   ; 36    ; Signed Integer                                ;
; video_v_visible ; 1080  ; Signed Integer                                ;
+-----------------+-------+-----------------------------------------------+
Note: In order to hide this table in the UI and the text report file, please set the "Show Parameter Settings in Synthesis Report" option in "Analysis and Synthesis Settings -> More Settings" to "Off".


+-------------------------------------------------------------------------------------------------------------------+
; Parameter Settings for User Entity Instance: test_pattern_gen:test_gen0|video_timing_ctrl:video_timing_ctrl_inst0 ;
+-----------------+-------+-----------------------------------------------------------------------------------------+
; Parameter Name  ; Value ; Type                                                                                    ;
+-----------------+-------+-----------------------------------------------------------------------------------------+
; video_hlength   ; 2200  ; Signed Integer                                                                          ;
; video_vlength   ; 1125  ; Signed Integer                                                                          ;
; video_hsync_pol ; 1     ; Signed Integer                                                                          ;
; video_hsync_len ; 44    ; Signed Integer                                                                          ;
; video_hbp_len   ; 148   ; Signed Integer                                                                          ;
; video_h_visible ; 1920  ; Signed Integer                                                                          ;
; video_vsync_pol ; 1     ; Signed Integer                                                                          ;
; video_vsync_len ; 5     ; Signed Integer                                                                          ;
; video_vbp_len   ; 36    ; Signed Integer                                                                          ;
; video_v_visible ; 1080  ; Signed Integer                                                                          ;
; sync_v_pos      ; 132   ; Signed Integer                                                                          ;
; sync_h_pos      ; 1079  ; Signed Integer                                                                          ;
+-----------------+-------+-----------------------------------------------------------------------------------------+
Note: In order to hide this table in the UI and the text report file, please set the "Show Parameter Settings in Synthesis Report" option in "Analysis and Synthesis Settings -> More Settings" to "Off".


+--------------------------------------------------------------------------------------------------------------------------------------------------------------------------------------------------------------------------+
; Port Connectivity Checks: "test_pattern_gen:test_gen0|video_timing_ctrl:video_timing_ctrl_inst0"                                                                                                                         ;
+-----------------+--------+----------+------------------------------------------------------------------------------------------------------------------------------------------------------------------------------------+
; Port            ; Type   ; Severity ; Details                                                                                                                                                                            ;
+-----------------+--------+----------+------------------------------------------------------------------------------------------------------------------------------------------------------------------------------------+
; ext_sync        ; Input  ; Warning  ; Input port expression (32 bits) is wider than the input port (1 bits) it drives.  The 31 most-significant bit(s) in the expression will be dangling if they have no other fanouts. ;
; ext_sync[-1]    ; Input  ; Info     ; Stuck at GND                                                                                                                                                                       ;
; timing_h_pos    ; Output ; Info     ; Explicitly unconnected                                                                                                                                                             ;
; timing_v_pos    ; Output ; Info     ; Explicitly unconnected                                                                                                                                                             ;
; pixel_x[13..11] ; Output ; Info     ; Connected to dangling logic. Logic that only feeds a dangling port will be removed.                                                                                                ;
; pixel_x[6..0]   ; Output ; Info     ; Connected to dangling logic. Logic that only feeds a dangling port will be removed.                                                                                                ;
; pixel_y         ; Output ; Info     ; Connected to dangling logic. Logic that only feeds a dangling port will be removed.                                                                                                ;
+-----------------+--------+----------+------------------------------------------------------------------------------------------------------------------------------------------------------------------------------------+


+-------------------------------------------------------------------------------------------------------------------------------------------------+
; Port Connectivity Checks: "test_pattern_gen:test_gen0"                                                                                          ;
+------------------+--------+----------+----------------------------------------------------------------------------------------------------------+
; Port             ; Type   ; Severity ; Details                                                                                                  ;
+------------------+--------+----------+----------------------------------------------------------------------------------------------------------+
; video_line_start ; Output ; Warning  ; Declared by entity but not connected by instance. Logic that only feeds a dangling port will be removed. ;
; video_pixel_odd  ; Output ; Warning  ; Declared by entity but not connected by instance. Logic that only feeds a dangling port will be removed. ;
+------------------+--------+----------+----------------------------------------------------------------------------------------------------------+


+--------------------------------------------------------------------------------+
; Port Connectivity Checks: "dvi_tx_top:dvi_tx_top_inst0|oserdese_hc:dvi_if_clk" ;
+----------------+-------+----------+--------------------------------------------+
; Port           ; Type  ; Severity ; Details                                    ;
+----------------+-------+----------+--------------------------------------------+
; par_data[6..2] ; Input ; Info     ; Stuck at VCC                               ;
; par_data[9..7] ; Input ; Info     ; Stuck at GND                               ;
; par_data[1..0] ; Input ; Info     ; Stuck at GND                               ;
+----------------+-------+----------+--------------------------------------------+


+----------------------------------------------------------------------------------------------------------+
; Port Connectivity Checks: "dvi_tx_top:dvi_tx_top_inst0|dvi_tx_tmds_enc:gen_buff[2].dvi_tx_tmds_enc_inst" ;
+------+-------+----------+--------------------------------------------------------------------------------+
; Port ; Type  ; Severity ; Details                                                                        ;
+------+-------+----------+--------------------------------------------------------------------------------+
; ctrl ; Input ; Info     ; Stuck at GND                                                                   ;
+------+-------+----------+--------------------------------------------------------------------------------+


+----------------------------------------------------------------------------------------------------------+
; Port Connectivity Checks: "dvi_tx_top:dvi_tx_top_inst0|dvi_tx_tmds_enc:gen_buff[1].dvi_tx_tmds_enc_inst" ;
+------+-------+----------+--------------------------------------------------------------------------------+
; Port ; Type  ; Severity ; Details                                                                        ;
+------+-------+----------+--------------------------------------------------------------------------------+
; ctrl ; Input ; Info     ; Stuck at GND                                                                   ;
+------+-------+----------+--------------------------------------------------------------------------------+


+-----------------------------------------------------+
; Post-Synthesis Netlist Statistics for Top Partition ;
+-----------------------+-----------------------------+
; Type                  ; Count                       ;
+-----------------------+-----------------------------+
; arriav_ff             ; 130                         ;
;     CLR               ; 27                          ;
;     CLR SCLR          ; 40                          ;
;     CLR SLD           ; 1                           ;
;     ENA CLR SCLR      ; 14                          ;
;     SCLR              ; 2                           ;
;     SLD               ; 24                          ;
;     plain             ; 22                          ;
; arriav_io_obuf        ; 4                           ;
; arriav_lcell_comb     ; 201                         ;
;     arith             ; 79                          ;
;         1 data inputs ; 34                          ;
;         3 data inputs ; 18                          ;
;         4 data inputs ; 3                           ;
;         5 data inputs ; 24                          ;
;     normal            ; 122                         ;
;         2 data inputs ; 37                          ;
;         3 data inputs ; 9                           ;
;         4 data inputs ; 40                          ;
;         5 data inputs ; 18                          ;
;         6 data inputs ; 18                          ;
; boundary_port         ; 10                          ;
; generic_pll           ; 2                           ;
;                       ;                             ;
; Max LUT depth         ; 4.50                        ;
; Average LUT depth     ; 2.58                        ;
+-----------------------+-----------------------------+


+-------------------------------+
; Elapsed Time Per Partition    ;
+----------------+--------------+
; Partition Name ; Elapsed Time ;
+----------------+--------------+
; Top            ; 00:00:00     ;
+----------------+--------------+


+-------------------------------+
; Analysis & Synthesis Messages ;
+-------------------------------+
Info: *******************************************************************
Info: Running Quartus Prime Analysis & Synthesis
    Info: Version 18.1.0 Build 625 09/12/2018 SJ Standard Edition
    Info: Processing started: Sun Jul 17 09:48:22 2022
Info: Command: quartus_map --read_settings_files=on --write_settings_files=off hdmi -c hdmi
Info (20030): Parallel compilation is enabled and will use 8 of the 8 processors detected
Info (12021): Found 1 design units, including 1 entities, in source file oserdese_hc.v
    Info (12023): Found entity 1: oserdese_hc File: C:/Users/briansuneZ/Desktop/hdmi/oserdese_hc.v Line: 1
Info (12021): Found 1 design units, including 1 entities, in source file dvi-tx/dvi_tx_clk_drv.v
    Info (12023): Found entity 1: dvi_tx_clk_drv File: C:/Users/briansuneZ/Desktop/hdmi/dvi-tx/dvi_tx_clk_drv.v Line: 1
Info (12021): Found 1 design units, including 1 entities, in source file tb_hdmi_test.v
    Info (12023): Found entity 1: tb_hdmi_test File: C:/Users/briansuneZ/Desktop/hdmi/tb_hdmi_test.v Line: 3
Info (12021): Found 1 design units, including 1 entities, in source file hdmi_test.v
    Info (12023): Found entity 1: hdmi_test File: C:/Users/briansuneZ/Desktop/hdmi/hdmi_test.v Line: 3
Info (12021): Found 1 design units, including 1 entities, in source file dvi-tx/dvi_tx_top.v
    Info (12023): Found entity 1: dvi_tx_top File: C:/Users/briansuneZ/Desktop/hdmi/dvi-tx/dvi_tx_top.v Line: 1
Info (12021): Found 1 design units, including 1 entities, in source file dvi-tx/dvi_tx_tmds_phy.v
    Info (12023): Found entity 1: dvi_tx_tmds_phy File: C:/Users/briansuneZ/Desktop/hdmi/dvi-tx/dvi_tx_tmds_phy.v Line: 1
Info (12021): Found 1 design units, including 1 entities, in source file dvi-tx/dvi_tx_tmds_enc.v
    Info (12023): Found entity 1: dvi_tx_tmds_enc File: C:/Users/briansuneZ/Desktop/hdmi/dvi-tx/dvi_tx_tmds_enc.v Line: 1
Info (12021): Found 1 design units, including 1 entities, in source file video-misc/video_timing_ctrl.v
    Info (12023): Found entity 1: video_timing_ctrl File: C:/Users/briansuneZ/Desktop/hdmi/video-misc/video_timing_ctrl.v Line: 3
Info (12021): Found 1 design units, including 1 entities, in source file video-misc/test_pattern_gen.v
    Info (12023): Found entity 1: test_pattern_gen File: C:/Users/briansuneZ/Desktop/hdmi/video-misc/test_pattern_gen.v Line: 3
Info (12021): Found 1 design units, including 1 entities, in source file oddr/oddr.v
    Info (12023): Found entity 1: oddr File: C:/Users/briansuneZ/Desktop/hdmi/oddr/oddr.v Line: 39
Info (12021): Found 1 design units, including 1 entities, in source file dvi_pll/dvi_pll.v
    Info (12023): Found entity 1: dvi_pll File: C:/Users/briansuneZ/Desktop/hdmi/dvi_pll/dvi_pll.v Line: 8
Info (12021): Found 1 design units, including 1 entities, in source file dvi_pll/dvi_pll/dvi_pll_0002.v
    Info (12023): Found entity 1: dvi_pll_0002 File: C:/Users/briansuneZ/Desktop/hdmi/dvi_pll/dvi_pll/dvi_pll_0002.v Line: 2
Info (12021): Found 2 design units, including 2 entities, in source file buff/diffo.v
    Info (12023): Found entity 1: diffo_iobuf_out_ukt File: C:/Users/briansuneZ/Desktop/hdmi/buff/diffo.v Line: 46
    Info (12023): Found entity 2: diffo File: C:/Users/briansuneZ/Desktop/hdmi/buff/diffo.v Line: 95
Info (12127): Elaborating entity "hdmi_test" for the top level hierarchy
Info (12128): Elaborating entity "dvi_pll" for hierarchy "dvi_pll:dvi_pll_inst0" File: C:/Users/briansuneZ/Desktop/hdmi/hdmi_test.v Line: 41
Info (12128): Elaborating entity "dvi_pll_0002" for hierarchy "dvi_pll:dvi_pll_inst0|dvi_pll_0002:dvi_pll_inst" File: C:/Users/briansuneZ/Desktop/hdmi/dvi_pll/dvi_pll.v Line: 22
Info (12128): Elaborating entity "altera_pll" for hierarchy "dvi_pll:dvi_pll_inst0|dvi_pll_0002:dvi_pll_inst|altera_pll:altera_pll_i" File: C:/Users/briansuneZ/Desktop/hdmi/dvi_pll/dvi_pll/dvi_pll_0002.v Line: 88
Info (10008): Verilog HDL or VHDL information: EDA Netlist Writer cannot regroup multidimensional array "wire_to_nowhere_64" into its bus
Info (12130): Elaborated megafunction instantiation "dvi_pll:dvi_pll_inst0|dvi_pll_0002:dvi_pll_inst|altera_pll:altera_pll_i" File: C:/Users/briansuneZ/Desktop/hdmi/dvi_pll/dvi_pll/dvi_pll_0002.v Line: 88
Info (12133): Instantiated megafunction "dvi_pll:dvi_pll_inst0|dvi_pll_0002:dvi_pll_inst|altera_pll:altera_pll_i" with the following parameter: File: C:/Users/briansuneZ/Desktop/hdmi/dvi_pll/dvi_pll/dvi_pll_0002.v Line: 88
    Info (12134): Parameter "fractional_vco_multiplier" = "false"
    Info (12134): Parameter "reference_clock_frequency" = "50.0 MHz"
    Info (12134): Parameter "operation_mode" = "lvds"
    Info (12134): Parameter "number_of_clocks" = "2"
    Info (12134): Parameter "output_clock_frequency0" = "740.000000 MHz"
    Info (12134): Parameter "phase_shift0" = "675 ps"
    Info (12134): Parameter "duty_cycle0" = "50"
    Info (12134): Parameter "output_clock_frequency1" = "148.000000 MHz"
    Info (12134): Parameter "phase_shift1" = "6419 ps"
    Info (12134): Parameter "duty_cycle1" = "50"
    Info (12134): Parameter "output_clock_frequency2" = "0 MHz"
    Info (12134): Parameter "phase_shift2" = "0 ps"
    Info (12134): Parameter "duty_cycle2" = "50"
    Info (12134): Parameter "output_clock_frequency3" = "0 MHz"
    Info (12134): Parameter "phase_shift3" = "0 ps"
    Info (12134): Parameter "duty_cycle3" = "50"
    Info (12134): Parameter "output_clock_frequency4" = "0 MHz"
    Info (12134): Parameter "phase_shift4" = "0 ps"
    Info (12134): Parameter "duty_cycle4" = "50"
    Info (12134): Parameter "output_clock_frequency5" = "0 MHz"
    Info (12134): Parameter "phase_shift5" = "0 ps"
    Info (12134): Parameter "duty_cycle5" = "50"
    Info (12134): Parameter "output_clock_frequency6" = "0 MHz"
    Info (12134): Parameter "phase_shift6" = "0 ps"
    Info (12134): Parameter "duty_cycle6" = "50"
    Info (12134): Parameter "output_clock_frequency7" = "0 MHz"
    Info (12134): Parameter "phase_shift7" = "0 ps"
    Info (12134): Parameter "duty_cycle7" = "50"
    Info (12134): Parameter "output_clock_frequency8" = "0 MHz"
    Info (12134): Parameter "phase_shift8" = "0 ps"
    Info (12134): Parameter "duty_cycle8" = "50"
    Info (12134): Parameter "output_clock_frequency9" = "0 MHz"
    Info (12134): Parameter "phase_shift9" = "0 ps"
    Info (12134): Parameter "duty_cycle9" = "50"
    Info (12134): Parameter "output_clock_frequency10" = "0 MHz"
    Info (12134): Parameter "phase_shift10" = "0 ps"
    Info (12134): Parameter "duty_cycle10" = "50"
    Info (12134): Parameter "output_clock_frequency11" = "0 MHz"
    Info (12134): Parameter "phase_shift11" = "0 ps"
    Info (12134): Parameter "duty_cycle11" = "50"
    Info (12134): Parameter "output_clock_frequency12" = "0 MHz"
    Info (12134): Parameter "phase_shift12" = "0 ps"
    Info (12134): Parameter "duty_cycle12" = "50"
    Info (12134): Parameter "output_clock_frequency13" = "0 MHz"
    Info (12134): Parameter "phase_shift13" = "0 ps"
    Info (12134): Parameter "duty_cycle13" = "50"
    Info (12134): Parameter "output_clock_frequency14" = "0 MHz"
    Info (12134): Parameter "phase_shift14" = "0 ps"
    Info (12134): Parameter "duty_cycle14" = "50"
    Info (12134): Parameter "output_clock_frequency15" = "0 MHz"
    Info (12134): Parameter "phase_shift15" = "0 ps"
    Info (12134): Parameter "duty_cycle15" = "50"
    Info (12134): Parameter "output_clock_frequency16" = "0 MHz"
    Info (12134): Parameter "phase_shift16" = "0 ps"
    Info (12134): Parameter "duty_cycle16" = "50"
    Info (12134): Parameter "output_clock_frequency17" = "0 MHz"
    Info (12134): Parameter "phase_shift17" = "0 ps"
    Info (12134): Parameter "duty_cycle17" = "50"
    Info (12134): Parameter "pll_type" = "General"
    Info (12134): Parameter "pll_subtype" = "General"
Info (12128): Elaborating entity "dvi_tx_top" for hierarchy "dvi_tx_top:dvi_tx_top_inst0" File: C:/Users/briansuneZ/Desktop/hdmi/hdmi_test.v Line: 59
Info (12128): Elaborating entity "dvi_tx_tmds_enc" for hierarchy "dvi_tx_top:dvi_tx_top_inst0|dvi_tx_tmds_enc:gen_buff[0].dvi_tx_tmds_enc_inst" File: C:/Users/briansuneZ/Desktop/hdmi/dvi-tx/dvi_tx_top.v Line: 69
Warning (10230): Verilog HDL assignment warning at dvi_tx_tmds_enc.v(139): truncated value with size 32 to match size of target (9) File: C:/Users/briansuneZ/Desktop/hdmi/dvi-tx/dvi_tx_tmds_enc.v Line: 139
Warning (10230): Verilog HDL assignment warning at dvi_tx_tmds_enc.v(141): truncated value with size 32 to match size of target (9) File: C:/Users/briansuneZ/Desktop/hdmi/dvi-tx/dvi_tx_tmds_enc.v Line: 141
Warning (10230): Verilog HDL assignment warning at dvi_tx_tmds_enc.v(150): truncated value with size 32 to match size of target (9) File: C:/Users/briansuneZ/Desktop/hdmi/dvi-tx/dvi_tx_tmds_enc.v Line: 150
Warning (10230): Verilog HDL assignment warning at dvi_tx_tmds_enc.v(152): truncated value with size 32 to match size of target (9) File: C:/Users/briansuneZ/Desktop/hdmi/dvi-tx/dvi_tx_tmds_enc.v Line: 152
Warning (10230): Verilog HDL assignment warning at dvi_tx_tmds_enc.v(158): truncated value with size 32 to match size of target (9) File: C:/Users/briansuneZ/Desktop/hdmi/dvi-tx/dvi_tx_tmds_enc.v Line: 158
Warning (10230): Verilog HDL assignment warning at dvi_tx_tmds_enc.v(160): truncated value with size 32 to match size of target (9) File: C:/Users/briansuneZ/Desktop/hdmi/dvi-tx/dvi_tx_tmds_enc.v Line: 160
Info (12128): Elaborating entity "oserdese_hc" for hierarchy "dvi_tx_top:dvi_tx_top_inst0|oserdese_hc:gen_buff[0].dvi_if0" File: C:/Users/briansuneZ/Desktop/hdmi/dvi-tx/dvi_tx_top.v Line: 75
Info (12128): Elaborating entity "test_pattern_gen" for hierarchy "test_pattern_gen:test_gen0" File: C:/Users/briansuneZ/Desktop/hdmi/hdmi_test.v Line: 70
Warning (10030): Net "pattern_colours_t.data_a" at test_pattern_gen.v(32) has no driver or initial value, using a default initial value '0' File: C:/Users/briansuneZ/Desktop/hdmi/video-misc/test_pattern_gen.v Line: 32
Warning (10030): Net "pattern_colours_t.waddr_a" at test_pattern_gen.v(32) has no driver or initial value, using a default initial value '0' File: C:/Users/briansuneZ/Desktop/hdmi/video-misc/test_pattern_gen.v Line: 32
Warning (10030): Net "pattern_colours_t.we_a" at test_pattern_gen.v(32) has no driver or initial value, using a default initial value '0' File: C:/Users/briansuneZ/Desktop/hdmi/video-misc/test_pattern_gen.v Line: 32
Info (12128): Elaborating entity "video_timing_ctrl" for hierarchy "test_pattern_gen:test_gen0|video_timing_ctrl:video_timing_ctrl_inst0" File: C:/Users/briansuneZ/Desktop/hdmi/video-misc/test_pattern_gen.v Line: 96
Warning (10230): Verilog HDL assignment warning at video_timing_ctrl.v(70): truncated value with size 32 to match size of target (14) File: C:/Users/briansuneZ/Desktop/hdmi/video-misc/video_timing_ctrl.v Line: 70
Warning (10230): Verilog HDL assignment warning at video_timing_ctrl.v(71): truncated value with size 32 to match size of target (14) File: C:/Users/briansuneZ/Desktop/hdmi/video-misc/video_timing_ctrl.v Line: 71
Warning (10230): Verilog HDL assignment warning at video_timing_ctrl.v(98): truncated value with size 32 to match size of target (14) File: C:/Users/briansuneZ/Desktop/hdmi/video-misc/video_timing_ctrl.v Line: 98
Warning (10230): Verilog HDL assignment warning at video_timing_ctrl.v(99): truncated value with size 32 to match size of target (14) File: C:/Users/briansuneZ/Desktop/hdmi/video-misc/video_timing_ctrl.v Line: 99
Info (276014): Found 1 instances of uninferred RAM logic
    Info (276004): RAM logic "test_pattern_gen:test_gen0|pattern_colours_t" is uninferred due to inappropriate RAM size File: C:/Users/briansuneZ/Desktop/hdmi/video-misc/test_pattern_gen.v Line: 32
Warning (12241): 2 hierarchies have connectivity warnings - see the Connectivity Checks report folder
Info (286030): Timing-Driven Synthesis is running
Info (16010): Generating hard_block partition "hard_block:auto_generated_inst"
    Info (16011): Adding 6 node(s), including 0 DDIO, 2 PLL, 0 transceiver and 0 LCELL
Info (21057): Implemented 240 device resources after synthesis - the final resource count might be different
    Info (21058): Implemented 2 input pins
    Info (21059): Implemented 8 output pins
    Info (21061): Implemented 228 logic cells
    Info (21065): Implemented 2 PLLs
Info: Quartus Prime Analysis & Synthesis was successful. 0 errors, 14 warnings
    Info: Peak virtual memory: 4876 megabytes
    Info: Processing ended: Sun Jul 17 09:48:30 2022
    Info: Elapsed time: 00:00:08
    Info: Total CPU time (on all processors): 00:00:16


